<?xml version="1.0" encoding="UTF-8"?>
<!-- Generated by org.testng.reporters.JUnitXMLReporter -->
<testsuite ignored="20" hostname="DESKTOP-A5VV87D" failures="0" tests="1" name="Test" time="45.352" errors="0" timestamp="2022-12-11T00:22:18 IST">
  <testcase classname="TestFile.DashboardPageTest" name="verify_list_items_under_quicklaunch_widget" time="2.696"/>
  <testcase classname="TestFile.LoginPageTest" name="verify_invalid_credentials_alert_is_not_displayed_after_page_refresh" time="0.0">
    <ignored/>
  </testcase> <!-- verify_invalid_credentials_alert_is_not_displayed_after_page_refresh -->
  <testcase classname="TestFile.DashboardPageTest" name="verify_list_items_under_my_action_widget" time="0.0">
    <ignored/>
  </testcase> <!-- verify_list_items_under_my_action_widget -->
  <testcase classname="TestFile.LoginPageTest" name="verify_user_redirects_to_dashboard_after_login_with_valid_credentials" time="0.0">
    <ignored/>
  </testcase> <!-- verify_user_redirects_to_dashboard_after_login_with_valid_credentials -->
  <testcase classname="TestFile.LoginPageTest" name="verify_user_should_not_able_to_login_with_invalid_credentials" time="0.0">
    <ignored/>
  </testcase> <!-- verify_user_should_not_able_to_login_with_invalid_credentials -->
  <testcase classname="TestFile.LoginPageTest" name="verify_user_redirects_to_reset_password_page_after_click_on_forgot_password" time="0.0">
    <ignored/>
  </testcase> <!-- verify_user_redirects_to_reset_password_page_after_click_on_forgot_password -->
  <testcase classname="TestFile.DashboardPageTest" name="verify_links_on_dashboard_are_not_broken" time="0.0">
    <ignored/>
  </testcase> <!-- verify_links_on_dashboard_are_not_broken -->
  <testcase classname="TestFile.DashboardPageTest" name="verify_links_count_on_dashboard" time="0.0">
    <ignored/>
  </testcase> <!-- verify_links_count_on_dashboard -->
  <testcase classname="TestFile.DashboardPageTest" name="verify_user_after_login_redirects_to_dashboard_page" time="0.0">
    <ignored/>
  </testcase> <!-- verify_user_after_login_redirects_to_dashboard_page -->
  <testcase classname="TestFile.LoginPageTest" name="verify_user_can_logged_out_from_account_successfully" time="0.0">
    <ignored/>
  </testcase> <!-- verify_user_can_logged_out_from_account_successfully -->
  <testcase classname="TestFile.DashboardPageTest" name="verify_image_link_on_dashboard_is_not_broken" time="0.0">
    <ignored/>
  </testcase> <!-- verify_image_link_on_dashboard_is_not_broken -->
  <testcase classname="TestFile.LoginPageTest" name="verify_url" time="0.0">
    <ignored/>
  </testcase> <!-- verify_url -->
  <testcase classname="TestFile.DashboardPageTest" name="verify_widgets_count_on_dashboard" time="0.0">
    <ignored/>
  </testcase> <!-- verify_widgets_count_on_dashboard -->
  <testcase classname="TestFile.LoginPageTest" name="verify_required_field_alert_is_displayed_for_empty_password_field" time="0.0">
    <ignored/>
  </testcase> <!-- verify_required_field_alert_is_displayed_for_empty_password_field -->
  <testcase classname="TestFile.LoginPageTest" name="verify_user_profile_name_for_logged_in_account" time="0.0">
    <ignored/>
  </testcase> <!-- verify_user_profile_name_for_logged_in_account -->
  <testcase classname="TestFile.DashboardPageTest" name="verify_total_images_count_on_dashboard" time="0.0">
    <ignored/>
  </testcase> <!-- verify_total_images_count_on_dashboard -->
  <testcase classname="TestFile.LoginPageTest" name="verify_required_field_alert_is_not_displayed_after_refresh" time="0.0">
    <ignored/>
  </testcase> <!-- verify_required_field_alert_is_not_displayed_after_refresh -->
  <testcase classname="TestFile.DashboardPageTest" name="verify_titles_of_widgets_on_dashboard" time="0.0">
    <ignored/>
  </testcase> <!-- verify_titles_of_widgets_on_dashboard -->
  <testcase classname="TestFile.DashboardPageTest" name="verify_submenu_options_under_my_account_tab" time="0.0">
    <ignored/>
  </testcase> <!-- verify_submenu_options_under_my_account_tab -->
  <testcase classname="TestFile.LoginPageTest" name="verify_required_field_alert_is_displayed_for_empty_username_field" time="0.0">
    <ignored/>
  </testcase> <!-- verify_required_field_alert_is_displayed_for_empty_username_field -->
  <testcase classname="TestFile.LoginPageTest" name="verfiy_required_field_alert_is_displayed_for_empty_username_and_password_field" time="0.0">
    <ignored/>
  </testcase> <!-- verfiy_required_field_alert_is_displayed_for_empty_username_and_password_field -->
</testsuite> <!-- Test -->
