<?xml version="1.0" encoding="UTF-8"?>
<testng-results ignored="20" total="21" passed="1" failed="0" skipped="0">
  <reporter-output>
  </reporter-output>
  <suite started-at="2022-12-11T00:21:31 IST" name="Suite" finished-at="2022-12-11T00:22:17 IST" duration-ms="45352">
    <groups>
    </groups>
    <test started-at="2022-12-11T00:21:31 IST" name="Test" finished-at="2022-12-11T00:22:17 IST" duration-ms="45352">
      <class name="TestFile.DashboardPageTest">
        <test-method is-config="true" signature="navigate_url()[pri:0, instance:TestFile.DashboardPageTest@1db0ec27]" started-at="2022-12-11T00:21:32 IST" name="navigate_url" finished-at="2022-12-11T00:22:14 IST" duration-ms="42007" status="PASS">
          <reporter-output>
          </reporter-output>
        </test-method> <!-- navigate_url -->
        <test-method signature="verify_list_items_under_quicklaunch_widget(java.lang.String,java.lang.String,java.lang.String,java.lang.String,java.lang.String,java.lang.String)[pri:0, instance:TestFile.DashboardPageTest@1db0ec27]" started-at="2022-12-11T00:22:14 IST" name="verify_list_items_under_quicklaunch_widget" data-provider="quicklaunch_list" finished-at="2022-12-11T00:22:16 IST" duration-ms="2696" status="PASS">
          <params>
            <param index="0">
              <value>
                <![CDATA[Assign Leave]]>
              </value>
            </param>
            <param index="1">
              <value>
                <![CDATA[Leave List]]>
              </value>
            </param>
            <param index="2">
              <value>
                <![CDATA[Timesheets]]>
              </value>
            </param>
            <param index="3">
              <value>
                <![CDATA[Apply Leave]]>
              </value>
            </param>
            <param index="4">
              <value>
                <![CDATA[My Leave]]>
              </value>
            </param>
            <param index="5">
              <value>
                <![CDATA[My Timesheet]]>
              </value>
            </param>
          </params>
          <reporter-output>
          </reporter-output>
        </test-method> <!-- verify_list_items_under_quicklaunch_widget -->
        <test-method is-config="true" signature="terminate()[pri:0, instance:TestFile.DashboardPageTest@1db0ec27]" started-at="2022-12-11T00:22:16 IST" name="terminate" finished-at="2022-12-11T00:22:17 IST" duration-ms="542" status="PASS">
          <reporter-output>
          </reporter-output>
        </test-method> <!-- terminate -->
      </class> <!-- TestFile.DashboardPageTest -->
    </test> <!-- Test -->
  </suite> <!-- Suite -->
</testng-results>
