<?xml version="1.0" encoding="UTF-8"?>
<!-- Generated by org.testng.reporters.JUnitXMLReporter -->
<testsuite ignored="0" hostname="DESKTOP-A5VV87D" failures="0" tests="3" name="Default test" time="79.961" errors="0" timestamp="2022-12-04T14:26:03 IST">
  <testcase classname="TestFile.LoginPageTest" name="verify_required_field_alert_is_displayed_for_empty_password_field" time="2.558"/>
  <testcase classname="TestFile.LoginPageTest" name="verify_required_field_alert_is_displayed_for_empty_username_field" time="1.254"/>
  <testcase classname="TestFile.LoginPageTest" name="verify_url" time="0.01"/>
</testsuite> <!-- Default test -->
